<?xml version="1.0" encoding="UTF-8"?>
<testng-results skipped="0" failed="0" ignored="0" total="1" passed="1">
  <reporter-output>
  </reporter-output>
  <suite name="Default suite" duration-ms="28000" started-at="2018-02-26T17:12:09Z" finished-at="2018-02-26T17:12:37Z">
    <groups>
    </groups>
    <test name="Default test" duration-ms="28000" started-at="2018-02-26T17:12:09Z" finished-at="2018-02-26T17:12:37Z">
      <class name="hybrid.Controller">
        <test-method status="PASS" signature="driver()[pri:0, instance:hybrid.Controller@1ccd51b]" name="driver" duration-ms="27969" started-at="2018-02-26T22:42:09Z" finished-at="2018-02-26T22:42:37Z">
          <reporter-output>
          </reporter-output>
        </test-method> <!-- driver -->
      </class> <!-- hybrid.Controller -->
    </test> <!-- Default test -->
  </suite> <!-- Default suite -->
</testng-results>
